#
# There is insufficient memory for the Java Runtime Environment to continue.
# Native memory allocation (mmap) failed to map 266338304 bytes for Failed to commit area from 0x0000000703e00000 to 0x0000000713c00000 of length 266338304.
# Possible reasons:
#   The system is out of physical RAM or swap space
#   The process is running with CompressedOops enabled, and the Java Heap may be blocking the growth of the native heap
# Possible solutions:
#   Reduce memory load on the system
#   Increase physical memory or swap space
#   Check if swap backing store is full
#   Decrease Java heap size (-Xmx/-Xms)
#   Decrease number of Java threads
#   Decrease Java thread stack sizes (-Xss)
#   Set larger code cache with -XX:ReservedCodeCacheSize=
# This output file may be truncated or incomplete.
#
#  Out of Memory Error (./src/hotspot/os/windows/os_windows.cpp:3380), pid=23228, tid=39264
#
# JRE version:  (11.0.12+7) (build )
# Java VM: OpenJDK 64-Bit Server VM (11.0.12+7, mixed mode, sharing, tiered, compressed oops, g1 gc, windows-amd64)
# No core dump will be written. Minidumps are not enabled by default on client versions of Windows
#

---------------  S U M M A R Y ------------

Command Line: 

Host: Intel(R) Core(TM) i7-10510U CPU @ 1.80GHz, 8 cores, 15G,  Windows 10 , 64 bit Build 22621 (10.0.22621.963)
Time: Tue Jan  3 20:20:32 2023 Malay Peninsula Standard Time elapsed time: 0.016261 seconds (0d 0h 0m 0s)

---------------  T H R E A D  ---------------

Current thread (0x0000023c2b587800):  JavaThread "Unknown thread" [_thread_in_vm, id=39264, stack(0x00000058e7700000,0x00000058e7800000)]

Stack: [0x00000058e7700000,0x00000058e7800000]
Native frames: (J=compiled Java code, j=interpreted, Vv=VM code, C=native code)
V  [jvm.dll+0x6090fa]
V  [jvm.dll+0x79229e]
V  [jvm.dll+0x79396f]
V  [jvm.dll+0x794033]
V  [jvm.dll+0x24bed8]
V  [jvm.dll+0x60624a]
V  [jvm.dll+0x5facf5]
V  [jvm.dll+0x303b5c]
V  [jvm.dll+0x3039e2]
V  [jvm.dll+0x308706]
V  [jvm.dll+0x34d5cf]
V  [jvm.dll+0x34d000]
V  [jvm.dll+0x2e0c68]
V  [jvm.dll+0x2e1dc6]
V  [jvm.dll+0x76d627]
V  [jvm.dll+0x76edaf]
V  [jvm.dll+0x35a359]
V  [jvm.dll+0x750710]
V  [jvm.dll+0x3c1f8f]
V  [jvm.dll+0x3c4461]
C  [jli.dll+0x5207]
C  [ucrtbase.dll+0x29363]
C  [KERNEL32.DLL+0x126bd]
C  [ntdll.dll+0x5dfb8]


---------------  P R O C E S S  ---------------

Threads class SMR info:
_java_thread_list=0x0000023c29376da0, length=0, elements={
}

Java Threads: ( => current thread )

Other Threads:
  0x0000023c2b5a0800 GCTaskThread "GC Thread#0" [stack: 0x00000058e7800000,0x00000058e7900000] [id=11452]
  0x0000023c2b5ff000 ConcurrentGCThread "G1 Main Marker" [stack: 0x00000058e7900000,0x00000058e7a00000] [id=31136]
  0x0000023c2b601000 ConcurrentGCThread "G1 Conc#0" [stack: 0x00000058e7a00000,0x00000058e7b00000] [id=26104]

[error occurred during error reporting (printing all threads), id 0xc0000005, EXCEPTION_ACCESS_VIOLATION (0xc0000005) at pc=0x00007fff060e0337]

VM state:not at safepoint (not fully initialized)

VM Mutex/Monitor currently owned by a thread:  ([mutex/lock_event])
[0x0000023c2b5843f0] Heap_lock - owner thread: 0x0000023c2b587800

Heap address: 0x0000000703e00000, size: 4034 MB, Compressed Oops mode: Non-zero based: 0x0000000703e00000
Narrow klass base: 0x0000000000000000, Narrow klass shift: 0

GC Heap History (0 events):
No events

Deoptimization events (0 events):
No events

Classes redefined (0 events):
No events

Internal exceptions (0 events):
No events

Events (1 events):
Event: 0.010 Loaded shared library C:\Program Files\Microsoft\jdk-11.0.12.7-hotspot\bin\zip.dll


Dynamic libraries:
0x00007ff7882f0000 - 0x00007ff7882fd000 	C:\Program Files\Microsoft\jdk-11.0.12.7-hotspot\bin\java.exe
0x00007ff815c90000 - 0x00007ff815ea4000 	C:\WINDOWS\SYSTEM32\ntdll.dll
0x00007ff815600000 - 0x00007ff8156c3000 	C:\WINDOWS\System32\KERNEL32.DLL
0x00007ff8132c0000 - 0x00007ff81365d000 	C:\WINDOWS\System32\KERNELBASE.dll
0x00007ff8131a0000 - 0x00007ff8132b1000 	C:\WINDOWS\System32\ucrtbase.dll
0x00007fff544d0000 - 0x00007fff544e5000 	C:\Program Files\Microsoft\jdk-11.0.12.7-hotspot\bin\VCRUNTIME140.dll
0x00007ffffcd80000 - 0x00007ffffcd97000 	C:\Program Files\Microsoft\jdk-11.0.12.7-hotspot\bin\jli.dll
0x00007ff813db0000 - 0x00007ff813f5d000 	C:\WINDOWS\System32\USER32.dll
0x00007ff8130b0000 - 0x00007ff8130d6000 	C:\WINDOWS\System32\win32u.dll
0x00007fffeb740000 - 0x00007fffeb9ce000 	C:\WINDOWS\WinSxS\amd64_microsoft.windows.common-controls_6595b64144ccf1df_6.0.22621.608_none_a9444ca7c10bb01d\COMCTL32.dll
0x00007ff814d10000 - 0x00007ff814d39000 	C:\WINDOWS\System32\GDI32.dll
0x00007ff815550000 - 0x00007ff8155f7000 	C:\WINDOWS\System32\msvcrt.dll
0x00007ff813660000 - 0x00007ff813772000 	C:\WINDOWS\System32\gdi32full.dll
0x00007ff8137f0000 - 0x00007ff81388a000 	C:\WINDOWS\System32\msvcp_win.dll
0x00007ff815a70000 - 0x00007ff815aa2000 	C:\WINDOWS\System32\IMM32.DLL
0x00007fff540a0000 - 0x00007fff5413b000 	C:\Program Files\Microsoft\jdk-11.0.12.7-hotspot\bin\msvcp140.dll
0x00007fff05df0000 - 0x00007fff06951000 	C:\Program Files\Microsoft\jdk-11.0.12.7-hotspot\bin\server\jvm.dll
0x00007ff8157d0000 - 0x00007ff81587e000 	C:\WINDOWS\System32\ADVAPI32.dll
0x00007ff8159c0000 - 0x00007ff815a64000 	C:\WINDOWS\System32\sechost.dll
0x00007ff813b60000 - 0x00007ff813c75000 	C:\WINDOWS\System32\RPCRT4.dll
0x00007ff813c80000 - 0x00007ff813c88000 	C:\WINDOWS\System32\PSAPI.DLL
0x00007ff80e0c0000 - 0x00007ff80e0f4000 	C:\WINDOWS\SYSTEM32\WINMM.dll
0x00007ffffd730000 - 0x00007ffffd739000 	C:\WINDOWS\SYSTEM32\WSOCK32.dll
0x00007ff8089e0000 - 0x00007ff8089ea000 	C:\WINDOWS\SYSTEM32\VERSION.dll
0x00007ff815940000 - 0x00007ff8159b1000 	C:\WINDOWS\System32\WS2_32.dll
0x00007ff8121d0000 - 0x00007ff8121e8000 	C:\WINDOWS\SYSTEM32\kernel.appcore.dll
0x00007ffffcd70000 - 0x00007ffffcd80000 	C:\Program Files\Microsoft\jdk-11.0.12.7-hotspot\bin\verify.dll
0x00007ff8108d0000 - 0x00007ff810afe000 	C:\WINDOWS\SYSTEM32\DBGHELP.DLL
0x00007ff814160000 - 0x00007ff8144ea000 	C:\WINDOWS\System32\combase.dll
0x00007ff813a80000 - 0x00007ff813b57000 	C:\WINDOWS\System32\OLEAUT32.dll
0x00007ff803120000 - 0x00007ff803152000 	C:\WINDOWS\SYSTEM32\dbgcore.DLL
0x00007ff813890000 - 0x00007ff81390b000 	C:\WINDOWS\System32\bcryptPrimitives.dll
0x00007fff544a0000 - 0x00007fff544c8000 	C:\Program Files\Microsoft\jdk-11.0.12.7-hotspot\bin\java.dll
0x00007fffef250000 - 0x00007fffef25a000 	C:\Program Files\Microsoft\jdk-11.0.12.7-hotspot\bin\jimage.dll
0x00007fff54480000 - 0x00007fff54497000 	C:\Program Files\Microsoft\jdk-11.0.12.7-hotspot\bin\zip.dll

dbghelp: loaded successfully - version: 4.0.5 - missing functions: none
symbol engine: initialized successfully - sym options: 0x614 - pdb path: .;C:\Program Files\Microsoft\jdk-11.0.12.7-hotspot\bin;C:\WINDOWS\SYSTEM32;C:\WINDOWS\WinSxS\amd64_microsoft.windows.common-controls_6595b64144ccf1df_6.0.22621.608_none_a9444ca7c10bb01d;C:\Program Files\Microsoft\jdk-11.0.12.7-hotspot\bin\server

VM Arguments:
java_command: <unknown>
java_class_path (initial): <not set>
Launcher Type: SUN_STANDARD

[Global flags]
     intx CICompilerCount                          = 4                                         {product} {ergonomic}
     uint ConcGCThreads                            = 2                                         {product} {ergonomic}
     uint G1ConcRefinementThreads                  = 8                                         {product} {ergonomic}
   size_t G1HeapRegionSize                         = 1048576                                   {product} {ergonomic}
    uintx GCDrainStackTargetSize                   = 64                                        {product} {ergonomic}
   size_t InitialHeapSize                          = 266338304                                 {product} {ergonomic}
   size_t MarkStackSize                            = 4194304                                   {product} {ergonomic}
   size_t MaxHeapSize                              = 4229955584                                {product} {ergonomic}
   size_t MinHeapDeltaBytes                        = 1048576                                   {product} {ergonomic}
    uintx NonNMethodCodeHeapSize                   = 5836300                                {pd product} {ergonomic}
    uintx NonProfiledCodeHeapSize                  = 122910970                              {pd product} {ergonomic}
    uintx ProfiledCodeHeapSize                     = 122910970                              {pd product} {ergonomic}
    uintx ReservedCodeCacheSize                    = 251658240                              {pd product} {ergonomic}
     bool SegmentedCodeCache                       = true                                      {product} {ergonomic}
     bool UseCompressedClassPointers               = true                                 {lp64_product} {ergonomic}
     bool UseCompressedOops                        = true                                 {lp64_product} {ergonomic}
     bool UseG1GC                                  = true                                      {product} {ergonomic}
     bool UseLargePagesIndividualAllocation        = false                                  {pd product} {ergonomic}

Logging:
Log output configuration:
 #0: stdout all=warning uptime,level,tags
 #1: stderr all=off uptime,level,tags

Environment Variables:
JAVA_HOME=C:\Program Files\Microsoft\jdk-11.0.12.7-hotspot
PATH=C:\Program Files\Microsoft\jdk-11.0.12.7-hotspot\bin;C:\Windows\system32;C:\Windows;C:\Windows\System32\Wbem;C:\Windows\System32\WindowsPowerShell\v1.0\;C:\Windows\System32\OpenSSH\;C:\Program Files (x86)\NVIDIA Corporation\PhysX\Common;C:\Program Files\NVIDIA Corporation\NVIDIA NvDLISR;C:\WINDOWS\system32;C:\WINDOWS;C:\WINDOWS\System32\Wbem;C:\WINDOWS\System32\WindowsPowerShell\v1.0\;C:\WINDOWS\System32\OpenSSH\;C:\Program Files\Microsoft SQL Server\150\Tools\Binn\;C:\Program Files\Git\cmd;C:\Program Files\TortoiseGit\bin;C:\Users\vijay\AppData\Roaming\nvm;C:\Program Files\nodejs;C:\Program Files\dotnet\;C:\Program Files\Microsoft SQL Server\Client SDK\ODBC\170\Tools\Binn\;%SystemRoot%\system32;%SystemRoot%;%SystemRoot%\System32\Wbem;%SYSTEMROOT%\System32\WindowsPowerShell\v1.0\;%SYSTEMROOT%\System32\OpenSSH\;C:\Users\vijay\AppData\Local\Microsoft\WindowsApps;C:\Users\vijay\AppData\Local\Programs\Microsoft VS Code\bin;C:\Users\vijay\AppData\Roaming\npm;C:\Users\vijay\AppData\Roaming\nvm;C:\Program Files\nodejs;C:\Users\vijay\.dotnet\tools;
USERNAME=vijay
OS=Windows_NT
PROCESSOR_IDENTIFIER=Intel64 Family 6 Model 142 Stepping 12, GenuineIntel



---------------  S Y S T E M  ---------------

OS: Windows 10 , 64 bit Build 22621 (10.0.22621.963)
OS uptime: 8 days 2:06 hours
Hyper-V role detected

CPU:total 8 (initial active 8) (4 cores per cpu, 2 threads per core) family 6 model 142 stepping 12 microcode 0xf0, cmov, cx8, fxsr, mmx, sse, sse2, sse3, ssse3, sse4.1, sse4.2, popcnt, avx, avx2, aes, clmul, erms, 3dnowpref, lzcnt, ht, tsc, tscinvbit, bmi1, bmi2, adx, fma

Memory: 4k page, system-wide physical 16134M (746M free)
TotalPageFile size 33983M (AvailPageFile size 96M)
current process WorkingSet (physical memory assigned to process): 11M, peak: 11M
current process commit charge ("private bytes"): 61M, peak: 314M

vm_info: OpenJDK 64-Bit Server VM (11.0.12+7) for windows-amd64 JRE (11.0.12+7), built on Jul 21 2021 15:41:43 by "" with unknown MS VC++:1916

END.
